[2020-05-03 10:46:34.156] [exthost] [info] extension host started
[2020-05-03 10:46:34.183] [exthost] [info] ExtensionService#_doActivateExtension vscode.debug-auto-launch {"startup":true,"extensionId":{"value":"vscode.debug-auto-launch","_lower":"vscode.debug-auto-launch"},"activationEvent":"*"}
[2020-05-03 10:46:34.183] [exthost] [info] ExtensionService#loadCommonJSModule file:///usr/share/vscodium-bin/resources/app/extensions/debug-auto-launch/dist/extension
[2020-05-03 10:46:34.185] [exthost] [info] ExtensionService#_doActivateExtension vscode.emmet {"startup":true,"extensionId":{"value":"vscode.emmet","_lower":"vscode.emmet"},"activationEvent":"*"}
[2020-05-03 10:46:34.185] [exthost] [info] ExtensionService#loadCommonJSModule file:///usr/share/vscodium-bin/resources/app/extensions/emmet/dist/extension
[2020-05-03 10:46:34.192] [exthost] [info] ExtensionService#_doActivateExtension vscode.git {"startup":true,"extensionId":{"value":"vscode.git","_lower":"vscode.git"},"activationEvent":"*"}
[2020-05-03 10:46:34.192] [exthost] [info] ExtensionService#loadCommonJSModule file:///usr/share/vscodium-bin/resources/app/extensions/git/dist/main
[2020-05-03 10:46:34.206] [exthost] [info] ExtensionService#_doActivateExtension vscode.github-authentication {"startup":true,"extensionId":{"value":"vscode.github-authentication","_lower":"vscode.github-authentication"},"activationEvent":"*"}
[2020-05-03 10:46:34.206] [exthost] [info] ExtensionService#loadCommonJSModule file:///usr/share/vscodium-bin/resources/app/extensions/github-authentication/dist/extension.js
[2020-05-03 10:46:34.210] [exthost] [info] ExtensionService#_doActivateExtension vscode.merge-conflict {"startup":true,"extensionId":{"value":"vscode.merge-conflict","_lower":"vscode.merge-conflict"},"activationEvent":"*"}
[2020-05-03 10:46:34.210] [exthost] [info] ExtensionService#loadCommonJSModule file:///usr/share/vscodium-bin/resources/app/extensions/merge-conflict/dist/extension
[2020-05-03 10:46:34.211] [exthost] [info] ExtensionService#_doActivateExtension vscode.search-result {"startup":true,"extensionId":{"value":"vscode.search-result","_lower":"vscode.search-result"},"activationEvent":"*"}
[2020-05-03 10:46:34.211] [exthost] [info] ExtensionService#loadCommonJSModule file:///usr/share/vscodium-bin/resources/app/extensions/search-result/dist/extension.js
[2020-05-03 10:46:34.212] [exthost] [info] ExtensionService#_doActivateExtension vscode.vscode-account {"startup":true,"extensionId":{"value":"vscode.vscode-account","_lower":"vscode.vscode-account"},"activationEvent":"*"}
[2020-05-03 10:46:34.212] [exthost] [info] ExtensionService#loadCommonJSModule file:///usr/share/vscodium-bin/resources/app/extensions/vscode-account/dist/extension.js
[2020-05-03 10:46:34.214] [exthost] [info] ExtensionService#_doActivateExtension ms-vscode.cpptools {"startup":true,"extensionId":{"value":"ms-vscode.cpptools","_lower":"ms-vscode.cpptools"},"activationEvent":"*"}
[2020-05-03 10:46:34.214] [exthost] [info] ExtensionService#loadCommonJSModule file:///home/nicola/.vscode-oss/extensions/ms-vscode.cpptools-0.28.0-insiders/dist/main
[2020-05-03 10:46:34.277] [exthost] [info] eager extensions activated
[2020-05-03 10:46:43.495] [exthost] [info] extension host started
[2020-05-03 10:46:43.565] [exthost] [info] ExtensionService#_doActivateExtension vscode.debug-auto-launch {"startup":true,"extensionId":{"value":"vscode.debug-auto-launch","_lower":"vscode.debug-auto-launch"},"activationEvent":"*"}
[2020-05-03 10:46:43.565] [exthost] [info] ExtensionService#loadCommonJSModule file:///usr/share/vscodium-bin/resources/app/extensions/debug-auto-launch/dist/extension
[2020-05-03 10:46:43.567] [exthost] [info] ExtensionService#_doActivateExtension vscode.emmet {"startup":true,"extensionId":{"value":"vscode.emmet","_lower":"vscode.emmet"},"activationEvent":"*"}
[2020-05-03 10:46:43.567] [exthost] [info] ExtensionService#loadCommonJSModule file:///usr/share/vscodium-bin/resources/app/extensions/emmet/dist/extension
[2020-05-03 10:46:43.575] [exthost] [info] ExtensionService#_doActivateExtension vscode.git {"startup":true,"extensionId":{"value":"vscode.git","_lower":"vscode.git"},"activationEvent":"*"}
[2020-05-03 10:46:43.576] [exthost] [info] ExtensionService#loadCommonJSModule file:///usr/share/vscodium-bin/resources/app/extensions/git/dist/main
[2020-05-03 10:46:43.593] [exthost] [info] ExtensionService#_doActivateExtension vscode.github-authentication {"startup":true,"extensionId":{"value":"vscode.github-authentication","_lower":"vscode.github-authentication"},"activationEvent":"*"}
[2020-05-03 10:46:43.593] [exthost] [info] ExtensionService#loadCommonJSModule file:///usr/share/vscodium-bin/resources/app/extensions/github-authentication/dist/extension.js
[2020-05-03 10:46:43.595] [exthost] [info] ExtensionService#_doActivateExtension vscode.merge-conflict {"startup":true,"extensionId":{"value":"vscode.merge-conflict","_lower":"vscode.merge-conflict"},"activationEvent":"*"}
[2020-05-03 10:46:43.596] [exthost] [info] ExtensionService#loadCommonJSModule file:///usr/share/vscodium-bin/resources/app/extensions/merge-conflict/dist/extension
[2020-05-03 10:46:43.598] [exthost] [info] ExtensionService#_doActivateExtension vscode.search-result {"startup":true,"extensionId":{"value":"vscode.search-result","_lower":"vscode.search-result"},"activationEvent":"*"}
[2020-05-03 10:46:43.598] [exthost] [info] ExtensionService#loadCommonJSModule file:///usr/share/vscodium-bin/resources/app/extensions/search-result/dist/extension.js
[2020-05-03 10:46:43.599] [exthost] [info] ExtensionService#_doActivateExtension vscode.vscode-account {"startup":true,"extensionId":{"value":"vscode.vscode-account","_lower":"vscode.vscode-account"},"activationEvent":"*"}
[2020-05-03 10:46:43.599] [exthost] [info] ExtensionService#loadCommonJSModule file:///usr/share/vscodium-bin/resources/app/extensions/vscode-account/dist/extension.js
[2020-05-03 10:46:43.601] [exthost] [info] eager extensions activated
