[2020-05-01 10:18:17.881] [exthost] [info] extension host started
[2020-05-01 10:18:17.920] [exthost] [info] ExtensionService#_doActivateExtension vscode.debug-auto-launch {"startup":true,"extensionId":{"value":"vscode.debug-auto-launch","_lower":"vscode.debug-auto-launch"},"activationEvent":"*"}
[2020-05-01 10:18:17.920] [exthost] [info] ExtensionService#loadCommonJSModule file:///usr/share/vscodium-bin/resources/app/extensions/debug-auto-launch/dist/extension
[2020-05-01 10:18:17.955] [exthost] [info] ExtensionService#_doActivateExtension vscode.emmet {"startup":true,"extensionId":{"value":"vscode.emmet","_lower":"vscode.emmet"},"activationEvent":"*"}
[2020-05-01 10:18:17.956] [exthost] [info] ExtensionService#loadCommonJSModule file:///usr/share/vscodium-bin/resources/app/extensions/emmet/dist/extension
[2020-05-01 10:18:18.027] [exthost] [info] ExtensionService#_doActivateExtension vscode.git {"startup":true,"extensionId":{"value":"vscode.git","_lower":"vscode.git"},"activationEvent":"*"}
[2020-05-01 10:18:18.027] [exthost] [info] ExtensionService#loadCommonJSModule file:///usr/share/vscodium-bin/resources/app/extensions/git/dist/main
[2020-05-01 10:18:18.130] [exthost] [info] ExtensionService#_doActivateExtension vscode.github-authentication {"startup":true,"extensionId":{"value":"vscode.github-authentication","_lower":"vscode.github-authentication"},"activationEvent":"*"}
[2020-05-01 10:18:18.130] [exthost] [info] ExtensionService#loadCommonJSModule file:///usr/share/vscodium-bin/resources/app/extensions/github-authentication/dist/extension.js
[2020-05-01 10:18:18.176] [exthost] [info] ExtensionService#_doActivateExtension vscode.merge-conflict {"startup":true,"extensionId":{"value":"vscode.merge-conflict","_lower":"vscode.merge-conflict"},"activationEvent":"*"}
[2020-05-01 10:18:18.176] [exthost] [info] ExtensionService#loadCommonJSModule file:///usr/share/vscodium-bin/resources/app/extensions/merge-conflict/dist/extension
[2020-05-01 10:18:18.223] [exthost] [info] ExtensionService#_doActivateExtension vscode.search-result {"startup":true,"extensionId":{"value":"vscode.search-result","_lower":"vscode.search-result"},"activationEvent":"*"}
[2020-05-01 10:18:18.223] [exthost] [info] ExtensionService#loadCommonJSModule file:///usr/share/vscodium-bin/resources/app/extensions/search-result/dist/extension.js
[2020-05-01 10:18:18.239] [exthost] [info] ExtensionService#_doActivateExtension vscode.vscode-account {"startup":true,"extensionId":{"value":"vscode.vscode-account","_lower":"vscode.vscode-account"},"activationEvent":"*"}
[2020-05-01 10:18:18.239] [exthost] [info] ExtensionService#loadCommonJSModule file:///usr/share/vscodium-bin/resources/app/extensions/vscode-account/dist/extension.js
[2020-05-01 10:18:18.259] [exthost] [info] ExtensionService#_doActivateExtension vscodevim.vim {"startup":true,"extensionId":{"value":"vscodevim.vim","_lower":"vscodevim.vim"},"activationEvent":"*"}
[2020-05-01 10:18:18.260] [exthost] [info] ExtensionService#loadCommonJSModule file:///home/nicola/.vscode-oss/extensions/vscodevim.vim-1.13.1/out/extension
[2020-05-01 10:18:19.280] [exthost] [info] eager extensions activated
[2020-05-01 10:18:33.180] [exthost] [info] extension host started
[2020-05-01 10:18:33.239] [exthost] [info] ExtensionService#_doActivateExtension vscode.debug-auto-launch {"startup":true,"extensionId":{"value":"vscode.debug-auto-launch","_lower":"vscode.debug-auto-launch"},"activationEvent":"*"}
[2020-05-01 10:18:33.240] [exthost] [info] ExtensionService#loadCommonJSModule file:///usr/share/vscodium-bin/resources/app/extensions/debug-auto-launch/dist/extension
[2020-05-01 10:18:33.242] [exthost] [info] ExtensionService#_doActivateExtension vscode.emmet {"startup":true,"extensionId":{"value":"vscode.emmet","_lower":"vscode.emmet"},"activationEvent":"*"}
[2020-05-01 10:18:33.242] [exthost] [info] ExtensionService#loadCommonJSModule file:///usr/share/vscodium-bin/resources/app/extensions/emmet/dist/extension
[2020-05-01 10:18:33.250] [exthost] [info] ExtensionService#_doActivateExtension vscode.git {"startup":true,"extensionId":{"value":"vscode.git","_lower":"vscode.git"},"activationEvent":"*"}
[2020-05-01 10:18:33.250] [exthost] [info] ExtensionService#loadCommonJSModule file:///usr/share/vscodium-bin/resources/app/extensions/git/dist/main
[2020-05-01 10:18:33.262] [exthost] [info] ExtensionService#_doActivateExtension vscode.github-authentication {"startup":true,"extensionId":{"value":"vscode.github-authentication","_lower":"vscode.github-authentication"},"activationEvent":"*"}
[2020-05-01 10:18:33.262] [exthost] [info] ExtensionService#loadCommonJSModule file:///usr/share/vscodium-bin/resources/app/extensions/github-authentication/dist/extension.js
[2020-05-01 10:18:33.264] [exthost] [info] ExtensionService#_doActivateExtension vscode.merge-conflict {"startup":true,"extensionId":{"value":"vscode.merge-conflict","_lower":"vscode.merge-conflict"},"activationEvent":"*"}
[2020-05-01 10:18:33.264] [exthost] [info] ExtensionService#loadCommonJSModule file:///usr/share/vscodium-bin/resources/app/extensions/merge-conflict/dist/extension
[2020-05-01 10:18:33.266] [exthost] [info] ExtensionService#_doActivateExtension vscode.search-result {"startup":true,"extensionId":{"value":"vscode.search-result","_lower":"vscode.search-result"},"activationEvent":"*"}
[2020-05-01 10:18:33.266] [exthost] [info] ExtensionService#loadCommonJSModule file:///usr/share/vscodium-bin/resources/app/extensions/search-result/dist/extension.js
[2020-05-01 10:18:33.266] [exthost] [info] ExtensionService#_doActivateExtension vscode.vscode-account {"startup":true,"extensionId":{"value":"vscode.vscode-account","_lower":"vscode.vscode-account"},"activationEvent":"*"}
[2020-05-01 10:18:33.266] [exthost] [info] ExtensionService#loadCommonJSModule file:///usr/share/vscodium-bin/resources/app/extensions/vscode-account/dist/extension.js
[2020-05-01 10:18:33.268] [exthost] [info] ExtensionService#_doActivateExtension vscodevim.vim {"startup":true,"extensionId":{"value":"vscodevim.vim","_lower":"vscodevim.vim"},"activationEvent":"*"}
[2020-05-01 10:18:33.268] [exthost] [info] ExtensionService#loadCommonJSModule file:///home/nicola/.vscode-oss/extensions/vscodevim.vim-1.13.1/out/extension
[2020-05-01 10:18:33.475] [exthost] [info] eager extensions activated
